c:\users\1545 iron v4\source\repos\8pieceslidingpuzzle\8pieceslidingpuzzle\debug\vc142.pdb
c:\users\1545 iron v4\source\repos\8pieceslidingpuzzle\8pieceslidingpuzzle\debug\vc142.idb
c:\users\1545 iron v4\source\repos\8pieceslidingpuzzle\8pieceslidingpuzzle\debug\lista.obj
c:\users\1545 iron v4\source\repos\8pieceslidingpuzzle\8pieceslidingpuzzle\debug\grid.obj
c:\users\1545 iron v4\source\repos\8pieceslidingpuzzle\8pieceslidingpuzzle\debug\elemento.obj
c:\users\1545 iron v4\source\repos\8pieceslidingpuzzle\8pieceslidingpuzzle\debug\8pieceslidingpuzzle.obj
c:\users\1545 iron v4\source\repos\8pieceslidingpuzzle\debug\8pieceslidingpuzzle.pdb
c:\users\1545 iron v4\source\repos\8pieceslidingpuzzle\8pieceslidingpuzzle\debug\8piecesl.8eb648fc.tlog\cl.command.1.tlog
c:\users\1545 iron v4\source\repos\8pieceslidingpuzzle\8pieceslidingpuzzle\debug\8piecesl.8eb648fc.tlog\cl.read.1.tlog
c:\users\1545 iron v4\source\repos\8pieceslidingpuzzle\8pieceslidingpuzzle\debug\8piecesl.8eb648fc.tlog\cl.write.1.tlog
c:\users\1545 iron v4\source\repos\8pieceslidingpuzzle\8pieceslidingpuzzle\debug\8piecesl.8eb648fc.tlog\link-cvtres.read.1.tlog
c:\users\1545 iron v4\source\repos\8pieceslidingpuzzle\8pieceslidingpuzzle\debug\8piecesl.8eb648fc.tlog\link-cvtres.write.1.tlog
c:\users\1545 iron v4\source\repos\8pieceslidingpuzzle\8pieceslidingpuzzle\debug\8piecesl.8eb648fc.tlog\link-rc.read.1.tlog
c:\users\1545 iron v4\source\repos\8pieceslidingpuzzle\8pieceslidingpuzzle\debug\8piecesl.8eb648fc.tlog\link-rc.write.1.tlog
c:\users\1545 iron v4\source\repos\8pieceslidingpuzzle\8pieceslidingpuzzle\debug\8piecesl.8eb648fc.tlog\link.15764-cvtres.read.1.tlog
c:\users\1545 iron v4\source\repos\8pieceslidingpuzzle\8pieceslidingpuzzle\debug\8piecesl.8eb648fc.tlog\link.15764-cvtres.write.1.tlog
c:\users\1545 iron v4\source\repos\8pieceslidingpuzzle\8pieceslidingpuzzle\debug\8piecesl.8eb648fc.tlog\link.15764-rc.read.1.tlog
c:\users\1545 iron v4\source\repos\8pieceslidingpuzzle\8pieceslidingpuzzle\debug\8piecesl.8eb648fc.tlog\link.15764-rc.write.1.tlog
c:\users\1545 iron v4\source\repos\8pieceslidingpuzzle\8pieceslidingpuzzle\debug\8piecesl.8eb648fc.tlog\link.15764.read.1.tlog
c:\users\1545 iron v4\source\repos\8pieceslidingpuzzle\8pieceslidingpuzzle\debug\8piecesl.8eb648fc.tlog\link.15764.write.1.tlog
c:\users\1545 iron v4\source\repos\8pieceslidingpuzzle\8pieceslidingpuzzle\debug\8piecesl.8eb648fc.tlog\link.command.1.tlog
c:\users\1545 iron v4\source\repos\8pieceslidingpuzzle\8pieceslidingpuzzle\debug\8piecesl.8eb648fc.tlog\link.read.1.tlog
c:\users\1545 iron v4\source\repos\8pieceslidingpuzzle\8pieceslidingpuzzle\debug\8piecesl.8eb648fc.tlog\link.write.1.tlog
